0 info it worked if it ends with ok
1 verbose cli [ 'D:\\Program Files\\nodejs\\\\node.exe',
1 verbose cli   'D:\\Program Files\\nodejs\\node_modules\\npm\\bin\\npm-cli.js',
1 verbose cli   'install',
1 verbose cli   '-g',
1 verbose cli   'node-inpspector' ]
2 info using npm@1.4.14
3 info using node@v0.10.29
4 verbose node symlink D:\Program Files\nodejs\\node.exe
5 verbose cache add [ 'node-inpspector', null ]
6 verbose cache add name=undefined spec="node-inpspector" args=["node-inpspector",null]
7 verbose parsed url { protocol: null,
7 verbose parsed url   slashes: null,
7 verbose parsed url   auth: null,
7 verbose parsed url   host: null,
7 verbose parsed url   port: null,
7 verbose parsed url   hostname: null,
7 verbose parsed url   hash: null,
7 verbose parsed url   search: null,
7 verbose parsed url   query: null,
7 verbose parsed url   pathname: 'node-inpspector',
7 verbose parsed url   path: 'node-inpspector',
7 verbose parsed url   href: 'node-inpspector' }
8 silly lockFile fd240907-node-inpspector node-inpspector
9 verbose lock node-inpspector C:\Users\Administrator\AppData\Roaming\npm-cache\fd240907-node-inpspector.lock
10 silly lockFile fd240907-node-inpspector node-inpspector
11 silly lockFile fd240907-node-inpspector node-inpspector
12 verbose addNamed [ 'node-inpspector', '' ]
13 verbose addNamed [ null, '*' ]
14 silly lockFile 5b132557-node-inpspector node-inpspector@
15 verbose lock node-inpspector@ C:\Users\Administrator\AppData\Roaming\npm-cache\5b132557-node-inpspector.lock
16 silly addNameRange { name: 'node-inpspector', range: '*', hasData: false }
17 verbose url raw node-inpspector
18 verbose url resolving [ 'https://registry.npmjs.org/', './node-inpspector' ]
19 verbose url resolved https://registry.npmjs.org/node-inpspector
20 info trying registry request attempt 1 at 17:45:39
21 http GET https://registry.npmjs.org/node-inpspector
22 http 404 https://registry.npmjs.org/node-inpspector
23 verbose headers { date: 'Wed, 06 Aug 2014 09:45:42 GMT',
23 verbose headers   server: 'CouchDB/1.5.0 (Erlang OTP/R16B03)',
23 verbose headers   'content-type': 'application/json',
23 verbose headers   'cache-control': 'max-age=0',
23 verbose headers   'content-length': '52',
23 verbose headers   'accept-ranges': 'bytes',
23 verbose headers   via: '1.1 varnish',
23 verbose headers   age: '0',
23 verbose headers   'x-served-by': 'cache-sjc3134-SJC',
23 verbose headers   'x-cache': 'MISS',
23 verbose headers   'x-cache-hits': '0',
23 verbose headers   'x-timer': 'S1407318342.704010,VS0,VE159',
23 verbose headers   'keep-alive': 'timeout=10, max=50',
23 verbose headers   connection: 'Keep-Alive' }
24 silly registry.get cb [ 404,
24 silly registry.get   { date: 'Wed, 06 Aug 2014 09:45:42 GMT',
24 silly registry.get     server: 'CouchDB/1.5.0 (Erlang OTP/R16B03)',
24 silly registry.get     'content-type': 'application/json',
24 silly registry.get     'cache-control': 'max-age=0',
24 silly registry.get     'content-length': '52',
24 silly registry.get     'accept-ranges': 'bytes',
24 silly registry.get     via: '1.1 varnish',
24 silly registry.get     age: '0',
24 silly registry.get     'x-served-by': 'cache-sjc3134-SJC',
24 silly registry.get     'x-cache': 'MISS',
24 silly registry.get     'x-cache-hits': '0',
24 silly registry.get     'x-timer': 'S1407318342.704010,VS0,VE159',
24 silly registry.get     'keep-alive': 'timeout=10, max=50',
24 silly registry.get     connection: 'Keep-Alive' } ]
25 silly lockFile 5b132557-node-inpspector node-inpspector@
26 silly lockFile 5b132557-node-inpspector node-inpspector@
27 error 404 404 Not Found: node-inpspector
27 error 404
27 error 404 'node-inpspector' is not in the npm registry.
27 error 404 You should bug the author to publish it
27 error 404
27 error 404 Maybe try 'npm search inpspector'
27 error 404
27 error 404 Note that you can also install from a
27 error 404 tarball, folder, or http url, or git url.
28 error System Windows_NT 6.1.7601
29 error command "D:\\Program Files\\nodejs\\\\node.exe" "D:\\Program Files\\nodejs\\node_modules\\npm\\bin\\npm-cli.js" "install" "-g" "node-inpspector"
30 error cwd D:\AppServ\www\node-spider\node-spider
31 error node -v v0.10.29
32 error npm -v 1.4.14
33 error code E404
34 verbose exit [ 1, true ]
